<?xml version="1.0" encoding="UTF-8"?>
<!-- Generated by org.testng.reporters.JUnitReportReporter -->
<testsuite hostname="User" failures="0" tests="4" name="TestNGPack.VerifySignUpPage" time="242.243" errors="0" timestamp="2023-04-05T00:25:22 IST" skipped="0">
  <testcase classname="TestNGPack.VerifySignUpPage" name="verifySignInFunctionality" time="30.071"/>
  <system-out/>
  <testcase classname="TestNGPack.VerifySignUpPage" name="verifySignInFunctionality" time="118.894"/>
  <system-out/>
  <testcase classname="TestNGPack.VerifySignUpPage" name="verifyErrorMessagePresentonSignUpPopUp" time="4.761"/>
  <system-out/>
  <testcase classname="TestNGPack.VerifySignUpPage" name="verifyErrorMessagePresentonSignUpPopUp" time="88.517"/>
  <system-out/>
</testsuite> <!-- TestNGPack.VerifySignUpPage -->
